-------------------------------------------------------------------------------
Test set: DisplayVisitTest
-------------------------------------------------------------------------------
Tests run: 13, Failures: 1, Errors: 0, Skipped: 0, Time elapsed: 0.606 s <<< FAILURE! - in DisplayVisitTest
DisplayVisitTest.getVisitsfromDateRangesTest  Time elapsed: 0.072 s  <<< FAILURE!
java.lang.AssertionError
	at DisplayVisitTest.getVisitsfromDateRangesTest(DisplayVisitTest.java:165)

